c:\users\haeri\documents\github\space-engine\starengine\starengine\debug\vc141.pdb
c:\users\haeri\documents\github\space-engine\starengine\starengine\debug\vc141.idb
c:\users\haeri\documents\github\space-engine\starengine\starengine\debug\behaviour.obj
c:\users\haeri\documents\github\space-engine\starengine\starengine\debug\collider.obj
c:\users\haeri\documents\github\space-engine\starengine\starengine\debug\component.obj
c:\users\haeri\documents\github\space-engine\starengine\starengine\debug\core.obj
c:\users\haeri\documents\github\space-engine\starengine\starengine\debug\gameobject.obj
c:\users\haeri\documents\github\space-engine\starengine\starengine\debug\logic.obj
c:\users\haeri\documents\github\space-engine\starengine\starengine\debug\main.obj
c:\users\haeri\documents\github\space-engine\starengine\starengine\debug\objectrenderer.obj
c:\users\haeri\documents\github\space-engine\starengine\starengine\debug\physics.obj
c:\users\haeri\documents\github\space-engine\starengine\starengine\debug\scene.obj
c:\users\haeri\documents\github\space-engine\starengine\starengine\debug\scenemanager.obj
c:\users\haeri\documents\github\space-engine\starengine\starengine\debug\spherecollider.obj
c:\users\haeri\documents\github\space-engine\starengine\starengine\debug\renderer.obj
c:\users\haeri\documents\github\space-engine\starengine\starengine\debug\time.obj
c:\users\haeri\documents\github\space-engine\starengine\starengine\debug\transform.obj
c:\users\haeri\documents\github\space-engine\starengine\starengine\debug\postprocessing.obj
c:\users\haeri\documents\github\space-engine\starengine\starengine\debug\vector3f.obj
c:\users\haeri\documents\github\space-engine\starengine\debug\starengine.ilk
c:\users\haeri\documents\github\space-engine\starengine\debug\starengine.exe
c:\users\haeri\documents\github\space-engine\starengine\debug\starengine.pdb
c:\users\haeri\documents\github\space-engine\starengine\starengine\debug\starengine.tlog\cl.command.1.tlog
c:\users\haeri\documents\github\space-engine\starengine\starengine\debug\starengine.tlog\cl.read.1.tlog
c:\users\haeri\documents\github\space-engine\starengine\starengine\debug\starengine.tlog\cl.write.1.tlog
c:\users\haeri\documents\github\space-engine\starengine\starengine\debug\starengine.tlog\link.command.1.tlog
c:\users\haeri\documents\github\space-engine\starengine\starengine\debug\starengine.tlog\link.read.1.tlog
c:\users\haeri\documents\github\space-engine\starengine\starengine\debug\starengine.tlog\link.write.1.tlog
